Configuration file: /Users/elong/Documents/blog/blog/_config.yml
            Source: /Users/elong/Documents/blog/blog
       Destination: /Users/elong/Documents/blog/blog/_site
 Incremental build: disabled. Enable with --incremental
      Generating... 
       Jekyll Feed: Generating feed for posts
[33m   GitHub Metadata: No GitHub API authentication could be found. Some fields may be missing or have incorrect data.[0m
                    done in 8.181 seconds.
 Auto-regeneration: enabled for '/Users/elong/Documents/blog/blog'
    Server address: http://127.0.0.1:5000
  Server running... press ctrl-c to stop.
      Regenerating: 1 file(s) changed at 2019-09-25 14:56:06
                    _posts/2019-09-24-innodb-table.md
       Jekyll Feed: Generating feed for posts
                    ...done in 5.208899 seconds.
                    
      Regenerating: 1 file(s) changed at 2019-09-25 14:57:30
                    _posts/2019-09-24-innodb-table.md
       Jekyll Feed: Generating feed for posts
                    ...done in 6.1776 seconds.
                    
      Regenerating: 1 file(s) changed at 2019-09-25 14:57:36
                    _posts/2019-09-24-innodb-table.md
       Jekyll Feed: Generating feed for posts
                    ...done in 5.243659 seconds.
                    
      Regenerating: 1 file(s) changed at 2019-09-25 14:58:16
                    _includes/_macro/post.html
       Jekyll Feed: Generating feed for posts
[31m  Liquid Exception: Liquid syntax error (/Users/elong/Documents/blog/blog/_includes/post.html line 77): Unknown tag 'post' included in /_layouts/post.html[0m
[33m             Error: Liquid syntax error (/Users/elong/Documents/blog/blog/_includes/post.html line 77): Unknown tag 'post' included [0m
[33m             Error: Run jekyll build --trace for more information.[0m
                    
      Regenerating: 1 file(s) changed at 2019-09-25 14:58:21
                    _includes/_macro/post.html
       Jekyll Feed: Generating feed for posts
[31m  Liquid Exception: Liquid syntax error (/Users/elong/Documents/blog/blog/_includes/post.html line 77): Unknown tag 'post' included in /_layouts/post.html[0m
[33m             Error: Liquid syntax error (/Users/elong/Documents/blog/blog/_includes/post.html line 77): Unknown tag 'post' included [0m
[33m             Error: Run jekyll build --trace for more information.[0m
                    
      Regenerating: 1 file(s) changed at 2019-09-25 14:58:40
                    _includes/_macro/post.html
       Jekyll Feed: Generating feed for posts
[31m  Liquid Exception: Liquid syntax error (/Users/elong/Documents/blog/blog/_includes/post.html line 77): Unknown tag 'post' included in /_layouts/post.html[0m
[33m             Error: Liquid syntax error (/Users/elong/Documents/blog/blog/_includes/post.html line 77): Unknown tag 'post' included [0m
[33m             Error: Run jekyll build --trace for more information.[0m
                    
